<?xml version="1.0" encoding="UTF-8"?>
<!-- Generated by org.testng.reporters.JUnitXMLReporter -->
<testsuite hostname="LAPTOP-HIKQENI8" ignored="0" name="Default test" tests="2" failures="0" timestamp="05 Mar 2018 18:52:09 GMT" time="31.47" errors="0">
  <testcase name="feature" time="15.534" classname="cucumber.api.testng.AbstractTestNGCucumberTests"/>
  <testcase name="feature" time="15.407" classname="cucumber.api.testng.AbstractTestNGCucumberTests"/>
</testsuite> <!-- Default test -->
