<?xml version="1.0" encoding="UTF-8"?>
<testng-results skipped="0" failed="0" ignored="0" total="2" passed="2">
  <reporter-output>
  </reporter-output>
  <suite name="Default suite" duration-ms="31470" started-at="2018-03-05T18:51:38Z" finished-at="2018-03-05T18:52:09Z">
    <groups>
      <group name="cucumber">
        <method signature="AbstractTestNGCucumberTests.feature(cucumber.api.testng.CucumberFeatureWrapper)[pri:0, instance:com.automation.Sample.CucumberFramework.runner.TestCaseRunner@589838eb]" name="feature" class="cucumber.api.testng.AbstractTestNGCucumberTests"/>
      </group> <!-- cucumber -->
    </groups>
    <test name="Default test" duration-ms="31470" started-at="2018-03-05T18:51:38Z" finished-at="2018-03-05T18:52:09Z">
      <class name="com.automation.Sample.CucumberFramework.runner.TestCaseRunner">
        <test-method status="PASS" signature="setUpClass()[pri:0, instance:com.automation.Sample.CucumberFramework.runner.TestCaseRunner@589838eb]" name="setUpClass" is-config="true" duration-ms="195" started-at="2018-03-06T00:21:38Z" finished-at="2018-03-06T00:21:38Z">
          <reporter-output>
          </reporter-output>
        </test-method> <!-- setUpClass -->
        <test-method status="PASS" signature="feature(cucumber.api.testng.CucumberFeatureWrapper)[pri:0, instance:com.automation.Sample.CucumberFramework.runner.TestCaseRunner@589838eb]" name="feature" duration-ms="15534" started-at="2018-03-06T00:21:38Z" description="Runs Cucumber Feature" data-provider="features" finished-at="2018-03-06T00:21:53Z">
          <params>
            <param index="0">
              <value>
                <![CDATA[Login To Facebook]]>
              </value>
            </param>
          </params>
          <reporter-output>
          </reporter-output>
        </test-method> <!-- feature -->
        <test-method status="PASS" signature="feature(cucumber.api.testng.CucumberFeatureWrapper)[pri:0, instance:com.automation.Sample.CucumberFramework.runner.TestCaseRunner@589838eb]" name="feature" duration-ms="15407" started-at="2018-03-06T00:21:53Z" description="Runs Cucumber Feature" data-provider="features" finished-at="2018-03-06T00:22:09Z">
          <params>
            <param index="0">
              <value>
                <![CDATA[Signup on facebook]]>
              </value>
            </param>
          </params>
          <reporter-output>
          </reporter-output>
        </test-method> <!-- feature -->
        <test-method status="PASS" signature="writeExtentReport()[pri:0, instance:com.automation.Sample.CucumberFramework.runner.TestCaseRunner@589838eb]" name="writeExtentReport" is-config="true" duration-ms="10" started-at="2018-03-06T00:22:09Z" finished-at="2018-03-06T00:22:09Z">
          <reporter-output>
          </reporter-output>
        </test-method> <!-- writeExtentReport -->
        <test-method status="PASS" signature="tearDownClass()[pri:0, instance:com.automation.Sample.CucumberFramework.runner.TestCaseRunner@589838eb]" name="tearDownClass" is-config="true" duration-ms="251" started-at="2018-03-06T00:22:09Z" finished-at="2018-03-06T00:22:09Z">
          <reporter-output>
          </reporter-output>
        </test-method> <!-- tearDownClass -->
      </class> <!-- com.automation.Sample.CucumberFramework.runner.TestCaseRunner -->
    </test> <!-- Default test -->
  </suite> <!-- Default suite -->
</testng-results>
