<?xml version="1.0" encoding="UTF-8"?>
<testng-results skipped="0" failed="0" ignored="0" total="1" passed="1">
  <reporter-output>
  </reporter-output>
  <suite name="Suite" duration-ms="17006" started-at="2018-03-04T18:37:41Z" finished-at="2018-03-04T18:37:58Z">
    <groups>
      <group name="cucumber">
        <method signature="AbstractTestNGCucumberTests.feature(cucumber.api.testng.CucumberFeatureWrapper)[pri:0, instance:com.automation.Sample.CucumberFramework.runner.FacebookLoginRunner@e25b2fe]" name="feature" class="cucumber.api.testng.AbstractTestNGCucumberTests"/>
      </group> <!-- cucumber -->
    </groups>
    <test name="Test1" duration-ms="17006" started-at="2018-03-04T18:37:41Z" finished-at="2018-03-04T18:37:58Z">
      <class name="com.automation.Sample.CucumberFramework.runner.FacebookLoginRunner">
        <test-method status="PASS" signature="setUpClass()[pri:0, instance:com.automation.Sample.CucumberFramework.runner.FacebookLoginRunner@e25b2fe]" name="setUpClass" is-config="true" duration-ms="197" started-at="2018-03-05T00:07:41Z" finished-at="2018-03-05T00:07:41Z">
          <reporter-output>
          </reporter-output>
        </test-method> <!-- setUpClass -->
        <test-method status="PASS" signature="feature(cucumber.api.testng.CucumberFeatureWrapper)[pri:0, instance:com.automation.Sample.CucumberFramework.runner.FacebookLoginRunner@e25b2fe]" name="feature" duration-ms="16734" started-at="2018-03-05T00:07:42Z" description="Runs Cucumber Feature" data-provider="features" finished-at="2018-03-05T00:07:58Z">
          <params>
            <param index="0">
              <value>
                <![CDATA[Signup on facebook]]>
              </value>
            </param>
          </params>
          <reporter-output>
          </reporter-output>
        </test-method> <!-- feature -->
        <test-method status="PASS" signature="tearDownClass()[pri:0, instance:com.automation.Sample.CucumberFramework.runner.FacebookLoginRunner@e25b2fe]" name="tearDownClass" is-config="true" duration-ms="6" started-at="2018-03-05T00:07:58Z" finished-at="2018-03-05T00:07:58Z">
          <reporter-output>
          </reporter-output>
        </test-method> <!-- tearDownClass -->
      </class> <!-- com.automation.Sample.CucumberFramework.runner.FacebookLoginRunner -->
    </test> <!-- Test1 -->
  </suite> <!-- Suite -->
</testng-results>
